<?xml version="1.0" encoding="UTF-8"?>
<testsuite xmlns:xsi="http://www.w3.org/2001/XMLSchema-instance" xsi:noNamespaceSchemaLocation="https://maven.apache.org/surefire/maven-surefire-plugin/xsd/surefire-test-report-3.0.xsd" version="3.0" name="org.acme.ExampleResourceTest" time="14.373" tests="1" errors="0" skipped="0" failures="0">
  <properties>
[...]
</properties>
  <testcase name="testHelloEndpoint" classname="org.acme.ExampleResourceTest" time="2.887">
    <system-out><![CDATA[2023-06-28 16:53:58,414 INFO  [io.quarkus] (main) code-with-quarkus 1.0.0-SNAPSHOT on JVM (powered by Quarkus 3.1.2.Final) started in 6.217s. Listening on: http://localhost:8081
2023-06-28 16:53:58,422 INFO  [io.quarkus] (main) Profile test activated. 
2023-06-28 16:53:58,422 INFO  [io.quarkus] (main) Installed features: [cdi, kubernetes, resteasy-reactive, resteasy-reactive-jackson, smallrye-context-propagation, vertx]
]]></system-out>
  </testcase>
</testsuite>